app/build/intermediates/manifest_merge_blame_file/debug/processDebugMainManifest/manifest-merger-blame-debug-report.txt
1<?xml version="1.0" encoding="utf-8"?>
2<manifest xmlns:android="http://schemas.android.com/apk/res/android"
3    package="com.beatflowy.app"
4    android:versionCode="4"
5    android:versionName="2.5.0-stable" >
6
7    <uses-sdk
8        android:minSdkVersion="26"
9        android:targetSdkVersion="35" />
10
11    <uses-permission android:name="android.permission.READ_MEDIA_AUDIO" />
11-->src\main\AndroidManifest.xml:5:5-75
11-->src\main\AndroidManifest.xml:5:22-72
12    <uses-permission android:name="android.permission.INTERNET" />
12-->src\main\AndroidManifest.xml:6:5-67
12-->src\main\AndroidManifest.xml:6:22-64
13    <uses-permission android:name="android.permission.ACCESS_NETWORK_STATE" />
13-->src\main\AndroidManifest.xml:7:5-79
13-->src\main\AndroidManifest.xml:7:22-76
14    <uses-permission
14-->src\main\AndroidManifest.xml:8:5-107
15        android:name="android.permission.READ_EXTERNAL_STORAGE"
15-->src\main\AndroidManifest.xml:8:22-77
16        android:maxSdkVersion="32" />
16-->src\main\AndroidManifest.xml:8:78-104
17    <uses-permission android:name="android.permission.FOREGROUND_SERVICE" />
17-->src\main\AndroidManifest.xml:9:5-77
17-->src\main\AndroidManifest.xml:9:22-74
18    <uses-permission android:name="android.permission.FOREGROUND_SERVICE_MEDIA_PLAYBACK" />
18-->src\main\AndroidManifest.xml:10:5-92
18-->src\main\AndroidManifest.xml:10:22-89
19    <uses-permission android:name="android.permission.WAKE_LOCK" />
19-->src\main\AndroidManifest.xml:11:5-68
19-->src\main\AndroidManifest.xml:11:22-65
20    <uses-permission
20-->src\main\AndroidManifest.xml:12:5-95
21        android:name="android.permission.BLUETOOTH"
21-->src\main\AndroidManifest.xml:12:22-65
22        android:maxSdkVersion="30" />
22-->src\main\AndroidManifest.xml:12:66-92
23    <uses-permission android:name="android.permission.BLUETOOTH_CONNECT" />
23-->src\main\AndroidManifest.xml:13:5-97
23-->src\main\AndroidManifest.xml:13:22-73
24    <uses-permission android:name="android.permission.RECEIVE_BOOT_COMPLETED" />
24-->[androidx.work:work-runtime:2.7.1] AndroidManifest.xml:27:5-81
24-->[androidx.work:work-runtime:2.7.1] AndroidManifest.xml:27:22-78
25
26    <permission
26-->[androidx.core:core:1.15.0] AndroidManifest.xml:22:5-24:47
27        android:name="com.beatflowy.app.DYNAMIC_RECEIVER_NOT_EXPORTED_PERMISSION"
27-->[androidx.core:core:1.15.0] AndroidManifest.xml:23:9-81
28        android:protectionLevel="signature" />
28-->[androidx.core:core:1.15.0] AndroidManifest.xml:24:9-44
29
30    <uses-permission android:name="com.beatflowy.app.DYNAMIC_RECEIVER_NOT_EXPORTED_PERMISSION" />
30-->[androidx.core:core:1.15.0] AndroidManifest.xml:26:5-97
30-->[androidx.core:core:1.15.0] AndroidManifest.xml:26:22-94
31
32    <application
32-->src\main\AndroidManifest.xml:15:5-87:19
33        android:name="com.beatflowy.app.BeatraxusApplication"
33-->src\main\AndroidManifest.xml:16:9-45
34        android:allowBackup="true"
34-->src\main\AndroidManifest.xml:17:9-35
35        android:appComponentFactory="androidx.core.app.CoreComponentFactory"
35-->[androidx.core:core:1.15.0] AndroidManifest.xml:28:18-86
36        android:dataExtractionRules="@xml/data_extraction_rules"
36-->src\main\AndroidManifest.xml:18:9-65
37        android:debuggable="true"
38        android:enableOnBackInvokedCallback="true"
38-->src\main\AndroidManifest.xml:27:9-51
39        android:extractNativeLibs="false"
40        android:fullBackupContent="@xml/backup_rules"
40-->src\main\AndroidManifest.xml:19:9-54
41        android:hardwareAccelerated="true"
41-->src\main\AndroidManifest.xml:25:9-43
42        android:icon="@mipmap/ic_launcher"
42-->src\main\AndroidManifest.xml:20:9-43
43        android:label="@string/app_name"
43-->src\main\AndroidManifest.xml:21:9-41
44        android:requestLegacyExternalStorage="true"
44-->src\main\AndroidManifest.xml:26:9-52
45        android:roundIcon="@mipmap/ic_launcher_round"
45-->src\main\AndroidManifest.xml:22:9-54
46        android:supportsRtl="true"
46-->src\main\AndroidManifest.xml:23:9-35
47        android:testOnly="true"
48        android:theme="@style/Theme.Beatraxus" >
48-->src\main\AndroidManifest.xml:24:9-47
49        <activity
49-->src\main\AndroidManifest.xml:30:9-39:20
50            android:name="com.beatflowy.app.MainActivity"
50-->src\main\AndroidManifest.xml:31:13-41
51            android:exported="true"
51-->src\main\AndroidManifest.xml:32:13-36
52            android:screenOrientation="portrait"
52-->src\main\AndroidManifest.xml:34:13-49
53            android:windowSoftInputMode="adjustResize" >
53-->src\main\AndroidManifest.xml:33:13-55
54            <intent-filter>
54-->src\main\AndroidManifest.xml:35:13-38:29
55                <action android:name="android.intent.action.MAIN" />
55-->src\main\AndroidManifest.xml:36:17-69
55-->src\main\AndroidManifest.xml:36:25-66
56
57                <category android:name="android.intent.category.LAUNCHER" />
57-->src\main\AndroidManifest.xml:37:17-77
57-->src\main\AndroidManifest.xml:37:27-74
58            </intent-filter>
59        </activity>
60
61        <service
61-->src\main\AndroidManifest.xml:41:9-49:19
62            android:name="com.beatflowy.app.service.AudioPlaybackService"
62-->src\main\AndroidManifest.xml:42:13-57
63            android:exported="false"
63-->src\main\AndroidManifest.xml:43:13-37
64            android:foregroundServiceType="mediaPlayback"
64-->src\main\AndroidManifest.xml:44:13-58
65            android:stopWithTask="false" >
65-->src\main\AndroidManifest.xml:45:13-41
66            <intent-filter>
66-->src\main\AndroidManifest.xml:46:13-48:29
67                <action android:name="android.intent.action.MEDIA_BUTTON" />
67-->src\main\AndroidManifest.xml:47:17-77
67-->src\main\AndroidManifest.xml:47:25-74
68            </intent-filter>
69        </service>
70
71        <receiver
71-->src\main\AndroidManifest.xml:51:9-61:20
72            android:name="com.beatflowy.app.widget.MusicWidgetSmallReceiver"
72-->src\main\AndroidManifest.xml:52:13-60
73            android:exported="true"
73-->src\main\AndroidManifest.xml:53:13-36
74            android:label="Music Widget Small" >
74-->src\main\AndroidManifest.xml:54:13-47
75            <intent-filter>
75-->src\main\AndroidManifest.xml:55:13-57:29
76                <action android:name="android.appwidget.action.APPWIDGET_UPDATE" />
76-->src\main\AndroidManifest.xml:56:17-84
76-->src\main\AndroidManifest.xml:56:25-81
77            </intent-filter>
78
79            <meta-data
79-->src\main\AndroidManifest.xml:58:13-60:61
80                android:name="android.appwidget.provider"
80-->src\main\AndroidManifest.xml:59:17-58
81                android:resource="@xml/widget_info_small" />
81-->src\main\AndroidManifest.xml:60:17-58
82        </receiver>
83        <receiver
83-->src\main\AndroidManifest.xml:63:9-73:20
84            android:name="com.beatflowy.app.widget.MusicWidgetLargeReceiver"
84-->src\main\AndroidManifest.xml:64:13-60
85            android:exported="true"
85-->src\main\AndroidManifest.xml:65:13-36
86            android:label="Music Widget Large" >
86-->src\main\AndroidManifest.xml:66:13-47
87            <intent-filter>
87-->src\main\AndroidManifest.xml:55:13-57:29
88                <action android:name="android.appwidget.action.APPWIDGET_UPDATE" />
88-->src\main\AndroidManifest.xml:56:17-84
88-->src\main\AndroidManifest.xml:56:25-81
89            </intent-filter>
90
91            <meta-data
91-->src\main\AndroidManifest.xml:58:13-60:61
92                android:name="android.appwidget.provider"
92-->src\main\AndroidManifest.xml:59:17-58
93                android:resource="@xml/widget_info_large" />
93-->src\main\AndroidManifest.xml:60:17-58
94        </receiver>
95        <receiver
95-->src\main\AndroidManifest.xml:75:9-85:20
96            android:name="com.beatflowy.app.widget.MusicWidgetMediumReceiver"
96-->src\main\AndroidManifest.xml:76:13-61
97            android:exported="true"
97-->src\main\AndroidManifest.xml:77:13-36
98            android:label="Music Widget Medium" >
98-->src\main\AndroidManifest.xml:78:13-48
99            <intent-filter>
99-->src\main\AndroidManifest.xml:55:13-57:29
100                <action android:name="android.appwidget.action.APPWIDGET_UPDATE" />
100-->src\main\AndroidManifest.xml:56:17-84
100-->src\main\AndroidManifest.xml:56:25-81
101            </intent-filter>
102
103            <meta-data
103-->src\main\AndroidManifest.xml:58:13-60:61
104                android:name="android.appwidget.provider"
104-->src\main\AndroidManifest.xml:59:17-58
105                android:resource="@xml/widget_info_medium" />
105-->src\main\AndroidManifest.xml:60:17-58
106        </receiver>
107
108        <activity
108-->[androidx.glance:glance-appwidget:1.1.1] AndroidManifest.xml:23:9-28:62
109            android:name="androidx.glance.appwidget.action.ActionTrampolineActivity"
109-->[androidx.glance:glance-appwidget:1.1.1] AndroidManifest.xml:24:13-85
110            android:enabled="true"
110-->[androidx.glance:glance-appwidget:1.1.1] AndroidManifest.xml:25:13-35
111            android:excludeFromRecents="true"
111-->[androidx.glance:glance-appwidget:1.1.1] AndroidManifest.xml:26:13-46
112            android:exported="false"
112-->[androidx.glance:glance-appwidget:1.1.1] AndroidManifest.xml:27:13-37
113            android:theme="@android:style/Theme.NoDisplay" />
113-->[androidx.glance:glance-appwidget:1.1.1] AndroidManifest.xml:28:13-59
114        <activity
114-->[androidx.glance:glance-appwidget:1.1.1] AndroidManifest.xml:29:9-36:81
115            android:name="androidx.glance.appwidget.action.InvisibleActionTrampolineActivity"
115-->[androidx.glance:glance-appwidget:1.1.1] AndroidManifest.xml:30:13-94
116            android:enabled="true"
116-->[androidx.glance:glance-appwidget:1.1.1] AndroidManifest.xml:31:13-35
117            android:exported="false"
117-->[androidx.glance:glance-appwidget:1.1.1] AndroidManifest.xml:32:13-37
118            android:launchMode="singleInstance"
118-->[androidx.glance:glance-appwidget:1.1.1] AndroidManifest.xml:33:13-48
119            android:noHistory="true"
119-->[androidx.glance:glance-appwidget:1.1.1] AndroidManifest.xml:34:13-37
120            android:taskAffinity="androidx.glance.appwidget.ListAdapterCallbackTrampoline"
120-->[androidx.glance:glance-appwidget:1.1.1] AndroidManifest.xml:35:13-91
121            android:theme="@style/Widget.Glance.AppWidget.CallbackTrampoline" />
121-->[androidx.glance:glance-appwidget:1.1.1] AndroidManifest.xml:36:13-78
122
123        <receiver
123-->[androidx.glance:glance-appwidget:1.1.1] AndroidManifest.xml:38:9-41:40
124            android:name="androidx.glance.appwidget.action.ActionCallbackBroadcastReceiver"
124-->[androidx.glance:glance-appwidget:1.1.1] AndroidManifest.xml:39:13-92
125            android:enabled="true"
125-->[androidx.glance:glance-appwidget:1.1.1] AndroidManifest.xml:40:13-35
126            android:exported="false" />
126-->[androidx.glance:glance-appwidget:1.1.1] AndroidManifest.xml:41:13-37
127        <receiver
127-->[androidx.glance:glance-appwidget:1.1.1] AndroidManifest.xml:42:9-45:40
128            android:name="androidx.glance.appwidget.UnmanagedSessionReceiver"
128-->[androidx.glance:glance-appwidget:1.1.1] AndroidManifest.xml:43:13-78
129            android:enabled="true"
129-->[androidx.glance:glance-appwidget:1.1.1] AndroidManifest.xml:44:13-35
130            android:exported="false" />
130-->[androidx.glance:glance-appwidget:1.1.1] AndroidManifest.xml:45:13-37
131        <receiver
131-->[androidx.glance:glance-appwidget:1.1.1] AndroidManifest.xml:46:9-53:20
132            android:name="androidx.glance.appwidget.MyPackageReplacedReceiver"
132-->[androidx.glance:glance-appwidget:1.1.1] AndroidManifest.xml:47:13-79
133            android:enabled="true"
133-->[androidx.glance:glance-appwidget:1.1.1] AndroidManifest.xml:48:13-35
134            android:exported="false" >
134-->[androidx.glance:glance-appwidget:1.1.1] AndroidManifest.xml:49:13-37
135            <intent-filter>
135-->[androidx.glance:glance-appwidget:1.1.1] AndroidManifest.xml:50:13-52:29
136                <action android:name="android.intent.action.MY_PACKAGE_REPLACED" />
136-->[androidx.glance:glance-appwidget:1.1.1] AndroidManifest.xml:51:17-84
136-->[androidx.glance:glance-appwidget:1.1.1] AndroidManifest.xml:51:25-81
137            </intent-filter>
138        </receiver>
139
140        <service
140-->[androidx.glance:glance-appwidget:1.1.1] AndroidManifest.xml:55:9-58:72
141            android:name="androidx.glance.appwidget.GlanceRemoteViewsService"
141-->[androidx.glance:glance-appwidget:1.1.1] AndroidManifest.xml:56:13-78
142            android:exported="true"
142-->[androidx.glance:glance-appwidget:1.1.1] AndroidManifest.xml:57:13-36
143            android:permission="android.permission.BIND_REMOTEVIEWS" />
143-->[androidx.glance:glance-appwidget:1.1.1] AndroidManifest.xml:58:13-69
144
145        <activity
145-->[androidx.compose.ui:ui-tooling-android:1.7.2] AndroidManifest.xml:23:9-25:39
146            android:name="androidx.compose.ui.tooling.PreviewActivity"
146-->[androidx.compose.ui:ui-tooling-android:1.7.2] AndroidManifest.xml:24:13-71
147            android:exported="true" />
147-->[androidx.compose.ui:ui-tooling-android:1.7.2] AndroidManifest.xml:25:13-36
148
149        <service
149-->[androidx.core:core-remoteviews:1.1.0] AndroidManifest.xml:24:9-27:63
150            android:name="androidx.core.widget.RemoteViewsCompatService"
150-->[androidx.core:core-remoteviews:1.1.0] AndroidManifest.xml:25:13-73
151            android:permission="android.permission.BIND_REMOTEVIEWS" />
151-->[androidx.core:core-remoteviews:1.1.0] AndroidManifest.xml:26:13-69
152
153        <provider
153-->[androidx.work:work-runtime:2.7.1] AndroidManifest.xml:31:9-39:20
154            android:name="androidx.startup.InitializationProvider"
154-->[androidx.work:work-runtime:2.7.1] AndroidManifest.xml:32:13-67
155            android:authorities="com.beatflowy.app.androidx-startup"
155-->[androidx.work:work-runtime:2.7.1] AndroidManifest.xml:33:13-68
156            android:exported="false" >
156-->[androidx.work:work-runtime:2.7.1] AndroidManifest.xml:34:13-37
157            <meta-data
157-->[androidx.work:work-runtime:2.7.1] AndroidManifest.xml:36:13-38:52
158                android:name="androidx.work.WorkManagerInitializer"
158-->[androidx.work:work-runtime:2.7.1] AndroidManifest.xml:37:17-68
159                android:value="androidx.startup" />
159-->[androidx.work:work-runtime:2.7.1] AndroidManifest.xml:38:17-49
160            <meta-data
160-->[androidx.emoji2:emoji2:1.3.0] AndroidManifest.xml:29:13-31:52
161                android:name="androidx.emoji2.text.EmojiCompatInitializer"
161-->[androidx.emoji2:emoji2:1.3.0] AndroidManifest.xml:30:17-75
162                android:value="androidx.startup" />
162-->[androidx.emoji2:emoji2:1.3.0] AndroidManifest.xml:31:17-49
163            <meta-data
163-->[androidx.lifecycle:lifecycle-process:2.8.7] AndroidManifest.xml:29:13-31:52
164                android:name="androidx.lifecycle.ProcessLifecycleInitializer"
164-->[androidx.lifecycle:lifecycle-process:2.8.7] AndroidManifest.xml:30:17-78
165                android:value="androidx.startup" />
165-->[androidx.lifecycle:lifecycle-process:2.8.7] AndroidManifest.xml:31:17-49
166            <meta-data
166-->[androidx.profileinstaller:profileinstaller:1.4.0] AndroidManifest.xml:29:13-31:52
167                android:name="androidx.profileinstaller.ProfileInstallerInitializer"
167-->[androidx.profileinstaller:profileinstaller:1.4.0] AndroidManifest.xml:30:17-85
168                android:value="androidx.startup" />
168-->[androidx.profileinstaller:profileinstaller:1.4.0] AndroidManifest.xml:31:17-49
169        </provider>
170
171        <service
171-->[androidx.work:work-runtime:2.7.1] AndroidManifest.xml:41:9-46:35
172            android:name="androidx.work.impl.background.systemalarm.SystemAlarmService"
172-->[androidx.work:work-runtime:2.7.1] AndroidManifest.xml:42:13-88
173            android:directBootAware="false"
173-->[androidx.work:work-runtime:2.7.1] AndroidManifest.xml:43:13-44
174            android:enabled="@bool/enable_system_alarm_service_default"
174-->[androidx.work:work-runtime:2.7.1] AndroidManifest.xml:44:13-72
175            android:exported="false" />
175-->[androidx.work:work-runtime:2.7.1] AndroidManifest.xml:45:13-37
176        <service
176-->[androidx.work:work-runtime:2.7.1] AndroidManifest.xml:47:9-53:35
177            android:name="androidx.work.impl.background.systemjob.SystemJobService"
177-->[androidx.work:work-runtime:2.7.1] AndroidManifest.xml:48:13-84
178            android:directBootAware="false"
178-->[androidx.work:work-runtime:2.7.1] AndroidManifest.xml:49:13-44
179            android:enabled="@bool/enable_system_job_service_default"
179-->[androidx.work:work-runtime:2.7.1] AndroidManifest.xml:50:13-70
180            android:exported="true"
180-->[androidx.work:work-runtime:2.7.1] AndroidManifest.xml:51:13-36
181            android:permission="android.permission.BIND_JOB_SERVICE" />
181-->[androidx.work:work-runtime:2.7.1] AndroidManifest.xml:52:13-69
182        <service
182-->[androidx.work:work-runtime:2.7.1] AndroidManifest.xml:54:9-59:35
183            android:name="androidx.work.impl.foreground.SystemForegroundService"
183-->[androidx.work:work-runtime:2.7.1] AndroidManifest.xml:55:13-81
184            android:directBootAware="false"
184-->[androidx.work:work-runtime:2.7.1] AndroidManifest.xml:56:13-44
185            android:enabled="@bool/enable_system_foreground_service_default"
185-->[androidx.work:work-runtime:2.7.1] AndroidManifest.xml:57:13-77
186            android:exported="false" />
186-->[androidx.work:work-runtime:2.7.1] AndroidManifest.xml:58:13-37
187
188        <receiver
188-->[androidx.work:work-runtime:2.7.1] AndroidManifest.xml:61:9-66:35
189            android:name="androidx.work.impl.utils.ForceStopRunnable$BroadcastReceiver"
189-->[androidx.work:work-runtime:2.7.1] AndroidManifest.xml:62:13-88
190            android:directBootAware="false"
190-->[androidx.work:work-runtime:2.7.1] AndroidManifest.xml:63:13-44
191            android:enabled="true"
191-->[androidx.work:work-runtime:2.7.1] AndroidManifest.xml:64:13-35
192            android:exported="false" />
192-->[androidx.work:work-runtime:2.7.1] AndroidManifest.xml:65:13-37
193        <receiver
193-->[androidx.work:work-runtime:2.7.1] AndroidManifest.xml:67:9-77:20
194            android:name="androidx.work.impl.background.systemalarm.ConstraintProxy$BatteryChargingProxy"
194-->[androidx.work:work-runtime:2.7.1] AndroidManifest.xml:68:13-106
195            android:directBootAware="false"
195-->[androidx.work:work-runtime:2.7.1] AndroidManifest.xml:69:13-44
196            android:enabled="false"
196-->[androidx.work:work-runtime:2.7.1] AndroidManifest.xml:70:13-36
197            android:exported="false" >
197-->[androidx.work:work-runtime:2.7.1] AndroidManifest.xml:71:13-37
198            <intent-filter>
198-->[androidx.work:work-runtime:2.7.1] AndroidManifest.xml:73:13-76:29
199                <action android:name="android.intent.action.ACTION_POWER_CONNECTED" />
199-->[androidx.work:work-runtime:2.7.1] AndroidManifest.xml:74:17-87
199-->[androidx.work:work-runtime:2.7.1] AndroidManifest.xml:74:25-84
200                <action android:name="android.intent.action.ACTION_POWER_DISCONNECTED" />
200-->[androidx.work:work-runtime:2.7.1] AndroidManifest.xml:75:17-90
200-->[androidx.work:work-runtime:2.7.1] AndroidManifest.xml:75:25-87
201            </intent-filter>
202        </receiver>
203        <receiver
203-->[androidx.work:work-runtime:2.7.1] AndroidManifest.xml:78:9-88:20
204            android:name="androidx.work.impl.background.systemalarm.ConstraintProxy$BatteryNotLowProxy"
204-->[androidx.work:work-runtime:2.7.1] AndroidManifest.xml:79:13-104
205            android:directBootAware="false"
205-->[androidx.work:work-runtime:2.7.1] AndroidManifest.xml:80:13-44
206            android:enabled="false"
206-->[androidx.work:work-runtime:2.7.1] AndroidManifest.xml:81:13-36
207            android:exported="false" >
207-->[androidx.work:work-runtime:2.7.1] AndroidManifest.xml:82:13-37
208            <intent-filter>
208-->[androidx.work:work-runtime:2.7.1] AndroidManifest.xml:84:13-87:29
209                <action android:name="android.intent.action.BATTERY_OKAY" />
209-->[androidx.work:work-runtime:2.7.1] AndroidManifest.xml:85:17-77
209-->[androidx.work:work-runtime:2.7.1] AndroidManifest.xml:85:25-74
210                <action android:name="android.intent.action.BATTERY_LOW" />
210-->[androidx.work:work-runtime:2.7.1] AndroidManifest.xml:86:17-76
210-->[androidx.work:work-runtime:2.7.1] AndroidManifest.xml:86:25-73
211            </intent-filter>
212        </receiver>
213        <receiver
213-->[androidx.work:work-runtime:2.7.1] AndroidManifest.xml:89:9-99:20
214            android:name="androidx.work.impl.background.systemalarm.ConstraintProxy$StorageNotLowProxy"
214-->[androidx.work:work-runtime:2.7.1] AndroidManifest.xml:90:13-104
215            android:directBootAware="false"
215-->[androidx.work:work-runtime:2.7.1] AndroidManifest.xml:91:13-44
216            android:enabled="false"
216-->[androidx.work:work-runtime:2.7.1] AndroidManifest.xml:92:13-36
217            android:exported="false" >
217-->[androidx.work:work-runtime:2.7.1] AndroidManifest.xml:93:13-37
218            <intent-filter>
218-->[androidx.work:work-runtime:2.7.1] AndroidManifest.xml:95:13-98:29
219                <action android:name="android.intent.action.DEVICE_STORAGE_LOW" />
219-->[androidx.work:work-runtime:2.7.1] AndroidManifest.xml:96:17-83
219-->[androidx.work:work-runtime:2.7.1] AndroidManifest.xml:96:25-80
220                <action android:name="android.intent.action.DEVICE_STORAGE_OK" />
220-->[androidx.work:work-runtime:2.7.1] AndroidManifest.xml:97:17-82
220-->[androidx.work:work-runtime:2.7.1] AndroidManifest.xml:97:25-79
221            </intent-filter>
222        </receiver>
223        <receiver
223-->[androidx.work:work-runtime:2.7.1] AndroidManifest.xml:100:9-109:20
224            android:name="androidx.work.impl.background.systemalarm.ConstraintProxy$NetworkStateProxy"
224-->[androidx.work:work-runtime:2.7.1] AndroidManifest.xml:101:13-103
225            android:directBootAware="false"
225-->[androidx.work:work-runtime:2.7.1] AndroidManifest.xml:102:13-44
226            android:enabled="false"
226-->[androidx.work:work-runtime:2.7.1] AndroidManifest.xml:103:13-36
227            android:exported="false" >
227-->[androidx.work:work-runtime:2.7.1] AndroidManifest.xml:104:13-37
228            <intent-filter>
228-->[androidx.work:work-runtime:2.7.1] AndroidManifest.xml:106:13-108:29
229                <action android:name="android.net.conn.CONNECTIVITY_CHANGE" />
229-->[androidx.work:work-runtime:2.7.1] AndroidManifest.xml:107:17-79
229-->[androidx.work:work-runtime:2.7.1] AndroidManifest.xml:107:25-76
230            </intent-filter>
231        </receiver>
232        <receiver
232-->[androidx.work:work-runtime:2.7.1] AndroidManifest.xml:110:9-121:20
233            android:name="androidx.work.impl.background.systemalarm.RescheduleReceiver"
233-->[androidx.work:work-runtime:2.7.1] AndroidManifest.xml:111:13-88
234            android:directBootAware="false"
234-->[androidx.work:work-runtime:2.7.1] AndroidManifest.xml:112:13-44
235            android:enabled="false"
235-->[androidx.work:work-runtime:2.7.1] AndroidManifest.xml:113:13-36
236            android:exported="false" >
236-->[androidx.work:work-runtime:2.7.1] AndroidManifest.xml:114:13-37
237            <intent-filter>
237-->[androidx.work:work-runtime:2.7.1] AndroidManifest.xml:116:13-120:29
238                <action android:name="android.intent.action.BOOT_COMPLETED" />
238-->[androidx.work:work-runtime:2.7.1] AndroidManifest.xml:117:17-79
238-->[androidx.work:work-runtime:2.7.1] AndroidManifest.xml:117:25-76
239                <action android:name="android.intent.action.TIME_SET" />
239-->[androidx.work:work-runtime:2.7.1] AndroidManifest.xml:118:17-73
239-->[androidx.work:work-runtime:2.7.1] AndroidManifest.xml:118:25-70
240                <action android:name="android.intent.action.TIMEZONE_CHANGED" />
240-->[androidx.work:work-runtime:2.7.1] AndroidManifest.xml:119:17-81
240-->[androidx.work:work-runtime:2.7.1] AndroidManifest.xml:119:25-78
241            </intent-filter>
242        </receiver>
243        <receiver
243-->[androidx.work:work-runtime:2.7.1] AndroidManifest.xml:122:9-131:20
244            android:name="androidx.work.impl.background.systemalarm.ConstraintProxyUpdateReceiver"
244-->[androidx.work:work-runtime:2.7.1] AndroidManifest.xml:123:13-99
245            android:directBootAware="false"
245-->[androidx.work:work-runtime:2.7.1] AndroidManifest.xml:124:13-44
246            android:enabled="@bool/enable_system_alarm_service_default"
246-->[androidx.work:work-runtime:2.7.1] AndroidManifest.xml:125:13-72
247            android:exported="false" >
247-->[androidx.work:work-runtime:2.7.1] AndroidManifest.xml:126:13-37
248            <intent-filter>
248-->[androidx.work:work-runtime:2.7.1] AndroidManifest.xml:128:13-130:29
249                <action android:name="androidx.work.impl.background.systemalarm.UpdateProxies" />
249-->[androidx.work:work-runtime:2.7.1] AndroidManifest.xml:129:17-98
249-->[androidx.work:work-runtime:2.7.1] AndroidManifest.xml:129:25-95
250            </intent-filter>
251        </receiver>
252        <receiver
252-->[androidx.work:work-runtime:2.7.1] AndroidManifest.xml:132:9-142:20
253            android:name="androidx.work.impl.diagnostics.DiagnosticsReceiver"
253-->[androidx.work:work-runtime:2.7.1] AndroidManifest.xml:133:13-78
254            android:directBootAware="false"
254-->[androidx.work:work-runtime:2.7.1] AndroidManifest.xml:134:13-44
255            android:enabled="true"
255-->[androidx.work:work-runtime:2.7.1] AndroidManifest.xml:135:13-35
256            android:exported="true"
256-->[androidx.work:work-runtime:2.7.1] AndroidManifest.xml:136:13-36
257            android:permission="android.permission.DUMP" >
257-->[androidx.work:work-runtime:2.7.1] AndroidManifest.xml:137:13-57
258            <intent-filter>
258-->[androidx.work:work-runtime:2.7.1] AndroidManifest.xml:139:13-141:29
259                <action android:name="androidx.work.diagnostics.REQUEST_DIAGNOSTICS" />
259-->[androidx.work:work-runtime:2.7.1] AndroidManifest.xml:140:17-88
259-->[androidx.work:work-runtime:2.7.1] AndroidManifest.xml:140:25-85
260            </intent-filter>
261        </receiver>
262
263        <activity
263-->[androidx.compose.ui:ui-test-manifest:1.7.2] AndroidManifest.xml:23:9-25:39
264            android:name="androidx.activity.ComponentActivity"
264-->[androidx.compose.ui:ui-test-manifest:1.7.2] AndroidManifest.xml:24:13-63
265            android:exported="true" />
265-->[androidx.compose.ui:ui-test-manifest:1.7.2] AndroidManifest.xml:25:13-36
266
267        <service
267-->[androidx.room:room-runtime-android:2.7.0-alpha11] AndroidManifest.xml:24:9-28:63
268            android:name="androidx.room.MultiInstanceInvalidationService"
268-->[androidx.room:room-runtime-android:2.7.0-alpha11] AndroidManifest.xml:25:13-74
269            android:directBootAware="true"
269-->[androidx.room:room-runtime-android:2.7.0-alpha11] AndroidManifest.xml:26:13-43
270            android:exported="false" />
270-->[androidx.room:room-runtime-android:2.7.0-alpha11] AndroidManifest.xml:27:13-37
271
272        <receiver
272-->[androidx.profileinstaller:profileinstaller:1.4.0] AndroidManifest.xml:34:9-52:20
273            android:name="androidx.profileinstaller.ProfileInstallReceiver"
273-->[androidx.profileinstaller:profileinstaller:1.4.0] AndroidManifest.xml:35:13-76
274            android:directBootAware="false"
274-->[androidx.profileinstaller:profileinstaller:1.4.0] AndroidManifest.xml:36:13-44
275            android:enabled="true"
275-->[androidx.profileinstaller:profileinstaller:1.4.0] AndroidManifest.xml:37:13-35
276            android:exported="true"
276-->[androidx.profileinstaller:profileinstaller:1.4.0] AndroidManifest.xml:38:13-36
277            android:permission="android.permission.DUMP" >
277-->[androidx.profileinstaller:profileinstaller:1.4.0] AndroidManifest.xml:39:13-57
278            <intent-filter>
278-->[androidx.profileinstaller:profileinstaller:1.4.0] AndroidManifest.xml:40:13-42:29
279                <action android:name="androidx.profileinstaller.action.INSTALL_PROFILE" />
279-->[androidx.profileinstaller:profileinstaller:1.4.0] AndroidManifest.xml:41:17-91
279-->[androidx.profileinstaller:profileinstaller:1.4.0] AndroidManifest.xml:41:25-88
280            </intent-filter>
281            <intent-filter>
281-->[androidx.profileinstaller:profileinstaller:1.4.0] AndroidManifest.xml:43:13-45:29
282                <action android:name="androidx.profileinstaller.action.SKIP_FILE" />
282-->[androidx.profileinstaller:profileinstaller:1.4.0] AndroidManifest.xml:44:17-85
282-->[androidx.profileinstaller:profileinstaller:1.4.0] AndroidManifest.xml:44:25-82
283            </intent-filter>
284            <intent-filter>
284-->[androidx.profileinstaller:profileinstaller:1.4.0] AndroidManifest.xml:46:13-48:29
285                <action android:name="androidx.profileinstaller.action.SAVE_PROFILE" />
285-->[androidx.profileinstaller:profileinstaller:1.4.0] AndroidManifest.xml:47:17-88
285-->[androidx.profileinstaller:profileinstaller:1.4.0] AndroidManifest.xml:47:25-85
286            </intent-filter>
287            <intent-filter>
287-->[androidx.profileinstaller:profileinstaller:1.4.0] AndroidManifest.xml:49:13-51:29
288                <action android:name="androidx.profileinstaller.action.BENCHMARK_OPERATION" />
288-->[androidx.profileinstaller:profileinstaller:1.4.0] AndroidManifest.xml:50:17-95